[1/10] Performing build step for 'bootloader'
[1/1] cmd.exe /C "cd /D C:\Users\taaml\Documents\ESP32_CODE\spi_ade7753\build\bootloader\esp-idf\esptool_py && C:\Espressif\python_env\idf5.0_py3.11_env\Scripts\python.exe C:/Espressif/frameworks/esp-idf-v5.0.1/components/partition_table/check_sizes.py --offset 0x8000 bootloader 0x1000 C:/Users/taaml/Documents/ESP32_CODE/spi_ade7753/build/bootloader/bootloader.bin"
Bootloader binary size 0x6710 bytes. 0x8f0 bytes (8%) free.
[2/8] Building C object esp-idf/main/CMakeFiles/__idf_main.dir/ade_new.c.obj
[3/8] Building C object esp-idf/main/CMakeFiles/__idf_main.dir/main.c.obj
In file included from C:/Users/taaml/Documents/ESP32_CODE/spi_ade7753/main/main.c:21:
C:/Users/taaml/Documents/ESP32_CODE/spi_ade7753/main/ade_new.h:14:20: warning: 'TAG' defined but not used [-Wunused-variable]
   14 | static const char *TAG = "ADE7753";
      |                    ^~~
[4/8] Linking C static library esp-idf\main\libmain.a
[5/8] Generating ld/sections.ld
[6/8] Linking CXX executable main.elf
FAILED: main.elf 
cmd.exe /C "cd . && C:\Espressif\tools\xtensa-esp32-elf\esp-2022r1-11.2.0\xtensa-esp32-elf\bin\xtensa-esp32-elf-g++.exe -mlongcalls -Wno-frame-address  @CMakeFiles\main.elf.rsp -o main.elf  && cd ."
c:/espressif/tools/xtensa-esp32-elf/esp-2022r1-11.2.0/xtensa-esp32-elf/bin/../lib/gcc/xtensa-esp32-elf/11.2.0/../../../../xtensa-esp32-elf/bin/ld.exe: esp-idf/main/libmain.a(ade_new.c.obj):C:/Users/taaml/Documents/ESP32_CODE/spi_ade7753/main/ade_new.h:19: multiple definition of `powerFactor'; esp-idf/main/libmain.a(main.c.obj):C:/Users/taaml/Documents/ESP32_CODE/spi_ade7753/main/ade_new.h:19: first defined here
c:/espressif/tools/xtensa-esp32-elf/esp-2022r1-11.2.0/xtensa-esp32-elf/bin/../lib/gcc/xtensa-esp32-elf/11.2.0/../../../../xtensa-esp32-elf/bin/ld.exe: esp-idf/main/libmain.a(ade_new.c.obj):C:/Users/taaml/Documents/ESP32_CODE/spi_ade7753/main/ade_new.h:18: multiple definition of `frequency'; esp-idf/main/libmain.a(main.c.obj):C:/Users/taaml/Documents/ESP32_CODE/spi_ade7753/main/ade_new.h:18: first defined here
c:/espressif/tools/xtensa-esp32-elf/esp-2022r1-11.2.0/xtensa-esp32-elf/bin/../lib/gcc/xtensa-esp32-elf/11.2.0/../../../../xtensa-esp32-elf/bin/ld.exe: esp-idf/main/libmain.a(ade_new.c.obj):C:/Users/taaml/Documents/ESP32_CODE/spi_ade7753/main/ade_new.h:17: multiple definition of `current'; esp-idf/main/libmain.a(main.c.obj):C:/Users/taaml/Documents/ESP32_CODE/spi_ade7753/main/ade_new.h:17: first defined here
c:/espressif/tools/xtensa-esp32-elf/esp-2022r1-11.2.0/xtensa-esp32-elf/bin/../lib/gcc/xtensa-esp32-elf/11.2.0/../../../../xtensa-esp32-elf/bin/ld.exe: esp-idf/main/libmain.a(ade_new.c.obj):C:/Users/taaml/Documents/ESP32_CODE/spi_ade7753/main/ade_new.h:16: multiple definition of `voltage'; esp-idf/main/libmain.a(main.c.obj):C:/Users/taaml/Documents/ESP32_CODE/spi_ade7753/main/ade_new.h:16: first defined here
collect2.exe: error: ld returned 1 exit status
ninja: build stopped: subcommand failed.
